This is pdfTeX, Version 3.1415926-2.5-1.40.14 (MiKTeX 2.9) (preloaded format=pdflatex 2014.10.8)  19 JUN 2015 02:53
entering extended mode
**report.tex
("C:\Users\Seijin\Documents\Git Docs\Norman-Seijin-Frank\CIL-inpainting\report\report.tex"
LaTeX2e <2014/05/01>
Babel <3.9l> and hyphenation patterns for 68 languages loaded.
("C:\Users\Seijin\Documents\Git Docs\Norman-Seijin-Frank\CIL-inpainting\report\IEEEtran.cls"
Document Class: IEEEtran 2007/03/05 V1.7a by Michael Shell
-- See the "IEEEtran_HOWTO" manual for usage information.
-- http://www.michaelshell.org/tex/ieeetran/
\@IEEEtrantmpdimenA=\dimen102
\@IEEEtrantmpdimenB=\dimen103
\@IEEEtrantmpcountA=\count79
\@IEEEtrantmpcountB=\count80
\@IEEEtrantmptoksA=\toks14
LaTeX Font Info:    Try loading font information for OT1+ptm on input line 373.
("C:\Program Files (x86)\MiKTeX 2.9\tex\latex\psnfss\ot1ptm.fd"
File: ot1ptm.fd 2001/06/04 font definitions for OT1/ptm.
)
-- Using 8.5in x 11in (letter) paper.
-- Using PDF output.
\@IEEEnormalsizeunitybaselineskip=\dimen104
-- This is a 10 point document.
\CLASSINFOnormalsizebaselineskip=\dimen105
\CLASSINFOnormalsizeunitybaselineskip=\dimen106
\IEEEnormaljot=\dimen107
LaTeX Font Info:    Font shape `OT1/ptm/bx/n' in size <5> not available
(Font)              Font shape `OT1/ptm/b/n' tried instead on input line 731.
LaTeX Font Info:    Font shape `OT1/ptm/bx/it' in size <5> not available
(Font)              Font shape `OT1/ptm/b/it' tried instead on input line 731.
LaTeX Font Info:    Font shape `OT1/ptm/bx/n' in size <7> not available
(Font)              Font shape `OT1/ptm/b/n' tried instead on input line 731.
LaTeX Font Info:    Font shape `OT1/ptm/bx/it' in size <7> not available
(Font)              Font shape `OT1/ptm/b/it' tried instead on input line 731.
LaTeX Font Info:    Font shape `OT1/ptm/bx/n' in size <8> not available
(Font)              Font shape `OT1/ptm/b/n' tried instead on input line 731.
LaTeX Font Info:    Font shape `OT1/ptm/bx/it' in size <8> not available
(Font)              Font shape `OT1/ptm/b/it' tried instead on input line 731.
LaTeX Font Info:    Font shape `OT1/ptm/bx/n' in size <9> not available
(Font)              Font shape `OT1/ptm/b/n' tried instead on input line 731.
LaTeX Font Info:    Font shape `OT1/ptm/bx/it' in size <9> not available
(Font)              Font shape `OT1/ptm/b/it' tried instead on input line 731.
LaTeX Font Info:    Font shape `OT1/ptm/bx/n' in size <10> not available
(Font)              Font shape `OT1/ptm/b/n' tried instead on input line 731.
LaTeX Font Info:    Font shape `OT1/ptm/bx/it' in size <10> not available
(Font)              Font shape `OT1/ptm/b/it' tried instead on input line 731.
LaTeX Font Info:    Font shape `OT1/ptm/bx/n' in size <11> not available
(Font)              Font shape `OT1/ptm/b/n' tried instead on input line 731.
LaTeX Font Info:    Font shape `OT1/ptm/bx/it' in size <11> not available
(Font)              Font shape `OT1/ptm/b/it' tried instead on input line 731.
LaTeX Font Info:    Font shape `OT1/ptm/bx/n' in size <12> not available
(Font)              Font shape `OT1/ptm/b/n' tried instead on input line 731.
LaTeX Font Info:    Font shape `OT1/ptm/bx/it' in size <12> not available
(Font)              Font shape `OT1/ptm/b/it' tried instead on input line 731.
LaTeX Font Info:    Font shape `OT1/ptm/bx/n' in size <17> not available
(Font)              Font shape `OT1/ptm/b/n' tried instead on input line 731.
LaTeX Font Info:    Font shape `OT1/ptm/bx/it' in size <17> not available
(Font)              Font shape `OT1/ptm/b/it' tried instead on input line 731.
LaTeX Font Info:    Font shape `OT1/ptm/bx/n' in size <20> not available
(Font)              Font shape `OT1/ptm/b/n' tried instead on input line 731.
LaTeX Font Info:    Font shape `OT1/ptm/bx/it' in size <20> not available
(Font)              Font shape `OT1/ptm/b/it' tried instead on input line 731.
LaTeX Font Info:    Font shape `OT1/ptm/bx/n' in size <24> not available
(Font)              Font shape `OT1/ptm/b/n' tried instead on input line 731.
LaTeX Font Info:    Font shape `OT1/ptm/bx/it' in size <24> not available
(Font)              Font shape `OT1/ptm/b/it' tried instead on input line 731.
\IEEEilabelindentA=\dimen108
\IEEEilabelindentB=\dimen109
\IEEEilabelindent=\dimen110
\IEEEelabelindent=\dimen111
\IEEEdlabelindent=\dimen112
\IEEElabelindent=\dimen113
\IEEEiednormlabelsep=\dimen114
\IEEEiedmathlabelsep=\dimen115
\IEEEiedtopsep=\skip41
\c@section=\count81
\c@subsection=\count82
\c@subsubsection=\count83
\c@paragraph=\count84
\c@IEEEsubequation=\count85
\abovecaptionskip=\skip42
\belowcaptionskip=\skip43
\c@figure=\count86
\c@table=\count87
\@IEEEeqnnumcols=\count88
\@IEEEeqncolcnt=\count89
\@IEEEtmpitemindent=\dimen116
\c@IEEEbiography=\count90
\@IEEEtranrubishbin=\box26
) ("C:\Program Files (x86)\MiKTeX 2.9\tex\latex\url\url.sty"
\Urlmuskip=\muskip10
Package: url 2013/09/16  ver 3.4  Verb mode for urls, etc.
)
("C:\Program Files (x86)\MiKTeX 2.9\tex\latex\graphics\graphicx.sty"
Package: graphicx 2014/04/25 v1.0g Enhanced LaTeX Graphics (DPC,SPQR)

("C:\Program Files (x86)\MiKTeX 2.9\tex\latex\graphics\keyval.sty"
Package: keyval 2014/05/08 v1.15 key=value parser (DPC)
\KV@toks@=\toks15
)
("C:\Program Files (x86)\MiKTeX 2.9\tex\latex\graphics\graphics.sty"
Package: graphics 2009/02/05 v1.0o Standard LaTeX Graphics (DPC,SPQR)

("C:\Program Files (x86)\MiKTeX 2.9\tex\latex\graphics\trig.sty"
Package: trig 1999/03/16 v1.09 sin cos tan (DPC)
)
("C:\Program Files (x86)\MiKTeX 2.9\tex\latex\00miktex\graphics.cfg"
File: graphics.cfg 2007/01/18 v1.5 graphics configuration of teTeX/TeXLive
)
Package graphics Info: Driver file: pdftex.def on input line 91.

("C:\Program Files (x86)\MiKTeX 2.9\tex\latex\pdftex-def\pdftex.def"
File: pdftex.def 2011/05/27 v0.06d Graphics/color for pdfTeX

("C:\Program Files (x86)\MiKTeX 2.9\tex\generic\oberdiek\infwarerr.sty"
Package: infwarerr 2010/04/08 v1.3 Providing info/warning/error messages (HO)
)
("C:\Program Files (x86)\MiKTeX 2.9\tex\generic\oberdiek\ltxcmds.sty"
Package: ltxcmds 2011/11/09 v1.22 LaTeX kernel commands for general use (HO)
)
\Gread@gobject=\count91
))
\Gin@req@height=\dimen117
\Gin@req@width=\dimen118
)
("C:\Program Files (x86)\MiKTeX 2.9\tex\latex\caption\subcaption.sty"
Package: subcaption 2013/02/03 v1.1-62 Sub-captions (AR)

("C:\Program Files (x86)\MiKTeX 2.9\tex\latex\caption\caption.sty"
Package: caption 2013/05/02 v3.3-89 Customizing captions (AR)

("C:\Program Files (x86)\MiKTeX 2.9\tex\latex\caption\caption3.sty"
Package: caption3 2013/05/02 v1.6-88 caption3 kernel (AR)
Package caption3 Info: TeX engine: e-TeX on input line 57.
\captionmargin=\dimen119
\captionmargin@=\dimen120
\captionwidth=\dimen121
\caption@tempdima=\dimen122
\caption@indent=\dimen123
\caption@parindent=\dimen124
\caption@hangindent=\dimen125
Package caption Info: Unknown document class (or package),
(caption)             standard defaults will be used.
)

Package caption Warning: Unsupported document class (or package) detected,
(caption)                usage of the caption package is not recommended.
See the caption package documentation for explanation.

Package caption Info: \@makecaption = \long macro:#1#2->\ifx \@captype \@IEEEtablestring \footnotesize \begin {center}{\
normalfont \footnotesize #1}\\{\normalfont \footnotesize \scshape #2}\end {center}\@IEEEtablecaptionsepspace \else \@IEE
Efigurecaptionsepspace \setbox \@tempboxa \hbox {\normalfont \footnotesize {#1.}~~ #2}\ifdim \wd \@tempboxa >\hsize \set
box \@tempboxa \hbox {\normalfont \footnotesize {#1.}~~ }\parbox [t]{\hsize }{\normalfont \footnotesize \noindent \unhbo
x \@tempboxa #2}\else \ifCLASSOPTIONconference \hbox to\hsize {\normalfont \footnotesize \hfil \box \@tempboxa \hfil }\e
lse \hbox to\hsize {\normalfont \footnotesize \box \@tempboxa \hfil }\fi \fi \fi .
\c@ContinuedFloat=\count92
)
\c@subfigure=\count93
\c@subtable=\count94
) ("C:\Program Files (x86)\MiKTeX 2.9\tex\latex\float\float.sty"
Package: float 2001/11/08 v1.3d Float enhancements (AL)
\c@float@type=\count95
\float@exts=\toks16
\float@box=\box27
\@float@everytoks=\toks17
\@floatcapt=\box28
)
("C:\Users\Seijin\Documents\Git Docs\Norman-Seijin-Frank\CIL-inpainting\report\report.aux"

LaTeX Warning: Label `fig:apps:watermarks' multiply defined.


LaTeX Warning: Label `sub@fig:apps:watermarks' multiply defined.

)
LaTeX Font Info:    Checking defaults for OML/cmm/m/it on input line 13.
LaTeX Font Info:    ... okay on input line 13.
LaTeX Font Info:    Checking defaults for T1/cmr/m/n on input line 13.
LaTeX Font Info:    ... okay on input line 13.
LaTeX Font Info:    Checking defaults for OT1/cmr/m/n on input line 13.
LaTeX Font Info:    ... okay on input line 13.
LaTeX Font Info:    Checking defaults for OMS/cmsy/m/n on input line 13.
LaTeX Font Info:    ... okay on input line 13.
LaTeX Font Info:    Checking defaults for OMX/cmex/m/n on input line 13.
LaTeX Font Info:    ... okay on input line 13.
LaTeX Font Info:    Checking defaults for U/cmr/m/n on input line 13.
LaTeX Font Info:    ... okay on input line 13.
 ("C:\Program Files (x86)\MiKTeX 2.9\tex\context\base\supp-pdf.mkii"
[Loading MPS to PDF converter (version 2006.09.02).]
\scratchcounter=\count96
\scratchdimen=\dimen126
\scratchbox=\box29
\nofMPsegments=\count97
\nofMParguments=\count98
\everyMPshowfont=\toks18
\MPscratchCnt=\count99
\MPscratchDim=\dimen127
\MPnumerator=\count100
\makeMPintoPDFobject=\count101
\everyMPtoPDFconversion=\toks19
)
Package caption Info: Begin \AtBeginDocument code.
Package caption Info: float package is loaded.
Package caption Info: End \AtBeginDocument code.
LaTeX Font Info:    Font shape `OT1/ptm/bx/n' in size <14> not available
(Font)              Font shape `OT1/ptm/b/n' tried instead on input line 21.
 ("C:\Users\Seijin\Documents\Git Docs\Norman-Seijin-Frank\CIL-inpainting\report\00-abstract.tex")
("C:\Users\Seijin\Documents\Git Docs\Norman-Seijin-Frank\CIL-inpainting\report\01-introduction.tex"
<graphics/3children_original_cropped.png, id=1, 380.42125pt x 380.42125pt>
File: graphics/3children_original_cropped.png Graphic file (type png)

<use graphics/3children_original_cropped.png>
Package pdftex.def Info: graphics/3children_original_cropped.png used on input line 9.
(pdftex.def)             Requested size: 109.75931pt x 109.75627pt.
LaTeX Font Info:    External font `cmex10' loaded for size
(Font)              <7> on input line 13.
LaTeX Font Info:    External font `cmex10' loaded for size
(Font)              <5> on input line 13.
 <graphics/TomAndJerry_512x512_pepper_in.png, id=3, 513.92pt x 513.92pt>
File: graphics/TomAndJerry_512x512_pepper_in.png Graphic file (type png)

<use graphics/TomAndJerry_512x512_pepper_in.png>
Package pdftex.def Info: graphics/TomAndJerry_512x512_pepper_in.png used on input line 16.
(pdftex.def)             Requested size: 109.75931pt x 109.75351pt.
 <graphics/claudia_512x512_mask_in.png, id=4, 513.92pt x 513.92pt>
File: graphics/claudia_512x512_mask_in.png Graphic file (type png)

<use graphics/claudia_512x512_mask_in.png>
Package pdftex.def Info: graphics/claudia_512x512_mask_in.png used on input line 23.
(pdftex.def)             Requested size: 109.75931pt x 109.75351pt.
 <graphics/object_removal_gray.png, id=5, 516.93124pt x 516.93124pt>
File: graphics/object_removal_gray.png Graphic file (type png)

<use graphics/object_removal_gray.png>
Package pdftex.def Info: graphics/object_removal_gray.png used on input line 30.
(pdftex.def)             Requested size: 109.75931pt x 109.75769pt.


LaTeX Warning: Reference `discussion' on page 1 undefined on input line 53.

) ("C:\Users\Seijin\Documents\Git Docs\Norman-Seijin-Frank\CIL-inpainting\report\02-methods.tex" [1{C:/ProgramData/MiKTe
X/2.9/pdftex/config/pdftex.map}


] [2 <C:/Users/Seijin/Documents/Git Docs/Norman-Seijin-Frank/CIL-inpainting/report/graphics/3children_original_cropped.p
ng> <C:/Users/Seijin/Documents/Git Docs/Norman-Seijin-Frank/CIL-inpainting/report/graphics/TomAndJerry_512x512_pepper_in
.png (PNG copy)> <C:/Users/Seijin/Documents/Git Docs/Norman-Seijin-Frank/CIL-inpainting/report/graphics/claudia_512x512_
mask_in.png (PNG copy)> <C:/Users/Seijin/Documents/Git Docs/Norman-Seijin-Frank/CIL-inpainting/report/graphics/object_re
moval_gray.png>] <graphics/denoised_signal_1d.png, id=21, 578.16pt x 433.62pt>
File: graphics/denoised_signal_1d.png Graphic file (type png)

<use graphics/denoised_signal_1d.png>
Package pdftex.def Info: graphics/denoised_signal_1d.png used on input line 135.
(pdftex.def)             Requested size: 243.91125pt x 182.93298pt.
 <graphics/local_wdenoised_1d.png, id=22, 578.16pt x 433.62pt>
File: graphics/local_wdenoised_1d.png Graphic file (type png)

<use graphics/local_wdenoised_1d.png>
Package pdftex.def Info: graphics/local_wdenoised_1d.png used on input line 141.
(pdftex.def)             Requested size: 243.91125pt x 182.93298pt.
 [3 <C:/Users/Seijin/Documents/Git Docs/Norman-Seijin-Frank/CIL-inpainting/report/graphics/denoised_signal_1d.png> <C:/U
sers/Seijin/Documents/Git Docs/Norman-Seijin-Frank/CIL-inpainting/report/graphics/local_wdenoised_1d.png>]
LaTeX Font Info:    External font `cmex10' loaded for size
(Font)              <8> on input line 208.
LaTeX Font Info:    External font `cmex10' loaded for size
(Font)              <6> on input line 208.
) ("C:\Users\Seijin\Documents\Git Docs\Norman-Seijin-Frank\CIL-inpainting\report\03-results.tex"
LaTeX Font Info:    Try loading font information for OT1+pcr on input line 19.

("C:\Program Files (x86)\MiKTeX 2.9\tex\latex\psnfss\ot1pcr.fd"
File: ot1pcr.fd 2001/06/04 font definitions for OT1/pcr.
)
Underfull \hbox (badness 10000) in paragraph at lines 30--32
[]\OT1/ptm/m/n/10 Use mean-ing-ful file-names, and not \OT1/pcr/m/n/10 temp1.m\OT1/ptm/m/n/10 ,
 []


Underfull \hbox (badness 3815) in paragraph at lines 30--32
\OT1/pcr/m/n/10 temp2.m\OT1/ptm/m/n/10 . The code should also un-zip into a
 []

) ("C:\Users\Seijin\Documents\Git Docs\Norman-Seijin-Frank\CIL-inpainting\report\04-discussion.tex"
Underfull \hbox (badness 5490) in paragraph at lines 6--7
[]\OT1/ptm/m/n/10 TODO: dis-cuss the re-sults. Why is our method
 []

[4]
Underfull \hbox (badness 10000) in paragraph at lines 93--94
\OT1/ptm/m/n/10 This should give you a PDF doc-u-ment
 []

) ("C:\Users\Seijin\Documents\Git Docs\Norman-Seijin-Frank\CIL-inpainting\report\05-summary.tex")
("C:\Users\Seijin\Documents\Git Docs\Norman-Seijin-Frank\CIL-inpainting\report\06-appendix.tex")
("C:\Users\Seijin\Documents\Git Docs\Norman-Seijin-Frank\CIL-inpainting\report\seijin_snippets.tex" [5])
("C:\Users\Seijin\Documents\Git Docs\Norman-Seijin-Frank\CIL-inpainting\report\frank_snippets.tex")
("C:\Users\Seijin\Documents\Git Docs\Norman-Seijin-Frank\CIL-inpainting\report\norman_snippets.tex")
("C:\Users\Seijin\Documents\Git Docs\Norman-Seijin-Frank\CIL-inpainting\report\report.bbl" [6])

** Conference Paper **
Before submitting the final camera ready copy, remember to:

 1. Manually equalize the lengths of two columns on the last page
 of your paper;

 2. Ensure that any PostScript and/or PDF output post-processing
 uses only Type 1 fonts and that every step in the generation
 process uses the appropriate paper size.

[7

] ("C:\Users\Seijin\Documents\Git Docs\Norman-Seijin-Frank\CIL-inpainting\report\report.aux")

LaTeX Warning: There were undefined references.


LaTeX Warning: There were multiply-defined labels.

 ) 
Here is how much of TeX's memory you used:
 3181 strings out of 493705
 54715 string characters out of 3142149
 124572 words of memory out of 3000000
 6469 multiletter control sequences out of 15000+200000
 43013 words of font info for 78 fonts, out of 3000000 for 9000
 1025 hyphenation exceptions out of 8191
 42i,8n,40p,855b,444s stack positions out of 5000i,500n,10000p,200000b,50000s
{C:/Program Files (x86)/MiKTeX 2.9/fonts/enc/dvips/fontname/8r.enc}<C:/Program Files (x86)/MiKTeX 2.9/fonts/type1/publ
ic/amsfonts/cm/cmmi10.pfb><C:/Program Files (x86)/MiKTeX 2.9/fonts/type1/public/amsfonts/cm/cmr10.pfb><C:/Program Files 
(x86)/MiKTeX 2.9/fonts/type1/public/amsfonts/cm/cmsy7.pfb><C:/Program Files (x86)/MiKTeX 2.9/fonts/type1/urw/courier/ucr
r8a.pfb><C:/Program Files (x86)/MiKTeX 2.9/fonts/type1/urw/times/utmb8a.pfb><C:/Program Files (x86)/MiKTeX 2.9/fonts/typ
e1/urw/times/utmbi8a.pfb><C:/Program Files (x86)/MiKTeX 2.9/fonts/type1/urw/times/utmr8a.pfb><C:/Program Files (x86)/MiK
TeX 2.9/fonts/type1/urw/times/utmri8a.pfb>
Output written on report.pdf (7 pages, 1049681 bytes).
PDF statistics:
 70 PDF objects out of 1000 (max. 8388607)
 0 named destinations out of 1000 (max. 500000)
 31 words of extra memory for PDF output out of 10000 (max. 10000000)

